!SESSION 2014-05-22 05:33:09.337 -----------------------------------------------
eclipse.buildId=4.3.2.M20140221-1700
java.version=1.8.0_05
java.vendor=Oracle Corporation
BootLoader constants: OS=win32, ARCH=x86_64, WS=win32, NL=en_US
Framework arguments:  -product org.eclipse.epp.package.standard.product
Command-line arguments:  -os win32 -ws win32 -arch x86_64 -product org.eclipse.epp.package.standard.product

!ENTRY org.eclipse.egit.ui 2 0 2014-05-22 05:33:31.619
!MESSAGE Warning: The environment variable HOME is not set. The following directory will be used to store the Git
user global configuration and to define the default location to store repositories: 'C:\Users\Dany'. If this is
not correct please set the HOME environment variable and restart Eclipse. Otherwise Git for Windows and
EGit might behave differently since they see different configuration options.
This warning can be switched off on the Team > Git > Confirmations and Warnings preference page.
!SESSION 2014-05-22 05:46:38.167 -----------------------------------------------
eclipse.buildId=4.3.2.M20140221-1700
java.version=1.8.0_05
java.vendor=Oracle Corporation
BootLoader constants: OS=win32, ARCH=x86_64, WS=win32, NL=en_US
Framework arguments:  -product org.eclipse.epp.package.standard.product
Command-line arguments:  -os win32 -ws win32 -arch x86_64 -product org.eclipse.epp.package.standard.product

!ENTRY org.eclipse.egit.ui 2 0 2014-05-22 05:46:55.998
!MESSAGE Warning: The environment variable HOME is not set. The following directory will be used to store the Git
user global configuration and to define the default location to store repositories: 'C:\Users\Dany'. If this is
not correct please set the HOME environment variable and restart Eclipse. Otherwise Git for Windows and
EGit might behave differently since they see different configuration options.
This warning can be switched off on the Team > Git > Confirmations and Warnings preference page.
!SESSION 2014-05-23 21:53:46.980 -----------------------------------------------
eclipse.buildId=4.3.2.M20140221-1700
java.version=1.8.0_05
java.vendor=Oracle Corporation
BootLoader constants: OS=win32, ARCH=x86_64, WS=win32, NL=en_US
Framework arguments:  -product org.eclipse.epp.package.standard.product
Command-line arguments:  -os win32 -ws win32 -arch x86_64 -product org.eclipse.epp.package.standard.product

!ENTRY org.eclipse.egit.ui 2 0 2014-05-23 21:54:33.416
!MESSAGE Warning: The environment variable HOME is not set. The following directory will be used to store the Git
user global configuration and to define the default location to store repositories: 'C:\Users\Dany'. If this is
not correct please set the HOME environment variable and restart Eclipse. Otherwise Git for Windows and
EGit might behave differently since they see different configuration options.
This warning can be switched off on the Team > Git > Confirmations and Warnings preference page.
!SESSION 2014-05-24 18:13:47.521 -----------------------------------------------
eclipse.buildId=4.3.2.M20140221-1700
java.version=1.8.0_05
java.vendor=Oracle Corporation
BootLoader constants: OS=win32, ARCH=x86_64, WS=win32, NL=en_US
Framework arguments:  -product org.eclipse.epp.package.standard.product
Command-line arguments:  -os win32 -ws win32 -arch x86_64 -product org.eclipse.epp.package.standard.product

!ENTRY org.eclipse.jdt.core 4 4 2014-05-24 18:13:54.108
!MESSAGE JavaBuilder handling CoreException
!STACK 1
org.eclipse.core.runtime.CoreException: File not found: G:\Users\Dany\Documents\Dropbox\code\dlfarina\junitlearn\TestJUnit\bin\TestJUnit\TestStringThings.class.
	at org.eclipse.core.internal.filesystem.Policy.error(Policy.java:55)
	at org.eclipse.core.internal.filesystem.local.LocalFile.openInputStream(LocalFile.java:377)
	at org.eclipse.core.internal.localstore.FileSystemResourceManager.read(FileSystemResourceManager.java:797)
	at org.eclipse.core.internal.resources.File.getContents(File.java:289)
	at org.eclipse.jdt.internal.core.util.Util.getResourceContentsAsByteArray(Util.java:1133)
	at org.eclipse.jdt.internal.core.builder.IncrementalImageBuilder.writeClassFileCheck(IncrementalImageBuilder.java:889)
	at org.eclipse.jdt.internal.core.builder.IncrementalImageBuilder.writeClassFileContents(IncrementalImageBuilder.java:831)
	at org.eclipse.jdt.internal.core.builder.AbstractImageBuilder.writeClassFile(AbstractImageBuilder.java:859)
	at org.eclipse.jdt.internal.core.builder.AbstractImageBuilder.acceptResult(AbstractImageBuilder.java:190)
	at org.eclipse.jdt.internal.compiler.Compiler.compile(Compiler.java:511)
	at org.eclipse.jdt.internal.core.builder.AbstractImageBuilder.compile(AbstractImageBuilder.java:367)
	at org.eclipse.jdt.internal.core.builder.IncrementalImageBuilder.compile(IncrementalImageBuilder.java:330)
	at org.eclipse.jdt.internal.core.builder.AbstractImageBuilder.compile(AbstractImageBuilder.java:304)
	at org.eclipse.jdt.internal.core.builder.IncrementalImageBuilder.build(IncrementalImageBuilder.java:135)
	at org.eclipse.jdt.internal.core.builder.JavaBuilder.buildDeltas(JavaBuilder.java:266)
	at org.eclipse.jdt.internal.core.builder.JavaBuilder.build(JavaBuilder.java:194)
	at org.eclipse.core.internal.events.BuildManager$2.run(BuildManager.java:733)
	at org.eclipse.core.runtime.SafeRunner.run(SafeRunner.java:42)
	at org.eclipse.core.internal.events.BuildManager.basicBuild(BuildManager.java:206)
	at org.eclipse.core.internal.events.BuildManager.basicBuild(BuildManager.java:246)
	at org.eclipse.core.internal.events.BuildManager$1.run(BuildManager.java:299)
	at org.eclipse.core.runtime.SafeRunner.run(SafeRunner.java:42)
	at org.eclipse.core.internal.events.BuildManager.basicBuild(BuildManager.java:302)
	at org.eclipse.core.internal.events.BuildManager.basicBuildLoop(BuildManager.java:358)
	at org.eclipse.core.internal.events.BuildManager.build(BuildManager.java:381)
	at org.eclipse.core.internal.events.AutoBuildJob.doBuild(AutoBuildJob.java:143)
	at org.eclipse.core.internal.events.AutoBuildJob.run(AutoBuildJob.java:241)
	at org.eclipse.core.internal.jobs.Worker.run(Worker.java:53)
Caused by: java.io.FileNotFoundException: G:\Users\Dany\Documents\Dropbox\code\dlfarina\junitlearn\TestJUnit\bin\TestJUnit\TestStringThings.class (The system cannot find the path specified)
	at java.io.FileInputStream.open(Native Method)
	at java.io.FileInputStream.<init>(Unknown Source)
	at org.eclipse.core.internal.filesystem.local.LocalFile.openInputStream(LocalFile.java:368)
	... 26 more
!SUBENTRY 1 org.eclipse.core.filesystem 4 271 2014-05-24 18:13:54.109
!MESSAGE File not found: G:\Users\Dany\Documents\Dropbox\code\dlfarina\junitlearn\TestJUnit\bin\TestJUnit\TestStringThings.class.
!STACK 0
java.io.FileNotFoundException: G:\Users\Dany\Documents\Dropbox\code\dlfarina\junitlearn\TestJUnit\bin\TestJUnit\TestStringThings.class (The system cannot find the path specified)
	at java.io.FileInputStream.open(Native Method)
	at java.io.FileInputStream.<init>(Unknown Source)
	at org.eclipse.core.internal.filesystem.local.LocalFile.openInputStream(LocalFile.java:368)
	at org.eclipse.core.internal.localstore.FileSystemResourceManager.read(FileSystemResourceManager.java:797)
	at org.eclipse.core.internal.resources.File.getContents(File.java:289)
	at org.eclipse.jdt.internal.core.util.Util.getResourceContentsAsByteArray(Util.java:1133)
	at org.eclipse.jdt.internal.core.builder.IncrementalImageBuilder.writeClassFileCheck(IncrementalImageBuilder.java:889)
	at org.eclipse.jdt.internal.core.builder.IncrementalImageBuilder.writeClassFileContents(IncrementalImageBuilder.java:831)
	at org.eclipse.jdt.internal.core.builder.AbstractImageBuilder.writeClassFile(AbstractImageBuilder.java:859)
	at org.eclipse.jdt.internal.core.builder.AbstractImageBuilder.acceptResult(AbstractImageBuilder.java:190)
	at org.eclipse.jdt.internal.compiler.Compiler.compile(Compiler.java:511)
	at org.eclipse.jdt.internal.core.builder.AbstractImageBuilder.compile(AbstractImageBuilder.java:367)
	at org.eclipse.jdt.internal.core.builder.IncrementalImageBuilder.compile(IncrementalImageBuilder.java:330)
	at org.eclipse.jdt.internal.core.builder.AbstractImageBuilder.compile(AbstractImageBuilder.java:304)
	at org.eclipse.jdt.internal.core.builder.IncrementalImageBuilder.build(IncrementalImageBuilder.java:135)
	at org.eclipse.jdt.internal.core.builder.JavaBuilder.buildDeltas(JavaBuilder.java:266)
	at org.eclipse.jdt.internal.core.builder.JavaBuilder.build(JavaBuilder.java:194)
	at org.eclipse.core.internal.events.BuildManager$2.run(BuildManager.java:733)
	at org.eclipse.core.runtime.SafeRunner.run(SafeRunner.java:42)
	at org.eclipse.core.internal.events.BuildManager.basicBuild(BuildManager.java:206)
	at org.eclipse.core.internal.events.BuildManager.basicBuild(BuildManager.java:246)
	at org.eclipse.core.internal.events.BuildManager$1.run(BuildManager.java:299)
	at org.eclipse.core.runtime.SafeRunner.run(SafeRunner.java:42)
	at org.eclipse.core.internal.events.BuildManager.basicBuild(BuildManager.java:302)
	at org.eclipse.core.internal.events.BuildManager.basicBuildLoop(BuildManager.java:358)
	at org.eclipse.core.internal.events.BuildManager.build(BuildManager.java:381)
	at org.eclipse.core.internal.events.AutoBuildJob.doBuild(AutoBuildJob.java:143)
	at org.eclipse.core.internal.events.AutoBuildJob.run(AutoBuildJob.java:241)
	at org.eclipse.core.internal.jobs.Worker.run(Worker.java:53)

!ENTRY org.eclipse.jdt.core 4 4 2014-05-24 18:13:54.161
!MESSAGE JavaBuilder handling CoreException
!STACK 1
org.eclipse.core.runtime.CoreException: File not found: G:\Users\Dany\Documents\Dropbox\code\dlfarina\junitlearn\TestJUnit\bin\MyObjects\Runner.class.
	at org.eclipse.core.internal.filesystem.Policy.error(Policy.java:55)
	at org.eclipse.core.internal.filesystem.local.LocalFile.openInputStream(LocalFile.java:377)
	at org.eclipse.core.internal.localstore.FileSystemResourceManager.read(FileSystemResourceManager.java:797)
	at org.eclipse.core.internal.resources.File.getContents(File.java:289)
	at org.eclipse.jdt.internal.core.util.Util.getResourceContentsAsByteArray(Util.java:1133)
	at org.eclipse.jdt.internal.core.builder.IncrementalImageBuilder.writeClassFileCheck(IncrementalImageBuilder.java:889)
	at org.eclipse.jdt.internal.core.builder.IncrementalImageBuilder.writeClassFileContents(IncrementalImageBuilder.java:831)
	at org.eclipse.jdt.internal.core.builder.AbstractImageBuilder.writeClassFile(AbstractImageBuilder.java:859)
	at org.eclipse.jdt.internal.core.builder.AbstractImageBuilder.acceptResult(AbstractImageBuilder.java:190)
	at org.eclipse.jdt.internal.compiler.Compiler.compile(Compiler.java:511)
	at org.eclipse.jdt.internal.core.builder.AbstractImageBuilder.compile(AbstractImageBuilder.java:367)
	at org.eclipse.jdt.internal.core.builder.IncrementalImageBuilder.compile(IncrementalImageBuilder.java:330)
	at org.eclipse.jdt.internal.core.builder.AbstractImageBuilder.compile(AbstractImageBuilder.java:304)
	at org.eclipse.jdt.internal.core.builder.IncrementalImageBuilder.build(IncrementalImageBuilder.java:135)
	at org.eclipse.jdt.internal.core.builder.JavaBuilder.buildDeltas(JavaBuilder.java:266)
	at org.eclipse.jdt.internal.core.builder.JavaBuilder.build(JavaBuilder.java:194)
	at org.eclipse.core.internal.events.BuildManager$2.run(BuildManager.java:733)
	at org.eclipse.core.runtime.SafeRunner.run(SafeRunner.java:42)
	at org.eclipse.core.internal.events.BuildManager.basicBuild(BuildManager.java:206)
	at org.eclipse.core.internal.events.BuildManager.basicBuild(BuildManager.java:246)
	at org.eclipse.core.internal.events.BuildManager$1.run(BuildManager.java:299)
	at org.eclipse.core.runtime.SafeRunner.run(SafeRunner.java:42)
	at org.eclipse.core.internal.events.BuildManager.basicBuild(BuildManager.java:302)
	at org.eclipse.core.internal.events.BuildManager.basicBuildLoop(BuildManager.java:358)
	at org.eclipse.core.internal.events.BuildManager.build(BuildManager.java:381)
	at org.eclipse.core.internal.events.AutoBuildJob.doBuild(AutoBuildJob.java:143)
	at org.eclipse.core.internal.events.AutoBuildJob.run(AutoBuildJob.java:241)
	at org.eclipse.core.internal.jobs.Worker.run(Worker.java:53)
Caused by: java.io.FileNotFoundException: G:\Users\Dany\Documents\Dropbox\code\dlfarina\junitlearn\TestJUnit\bin\MyObjects\Runner.class (The system cannot find the path specified)
	at java.io.FileInputStream.open(Native Method)
	at java.io.FileInputStream.<init>(Unknown Source)
	at org.eclipse.core.internal.filesystem.local.LocalFile.openInputStream(LocalFile.java:368)
	... 26 more
!SUBENTRY 1 org.eclipse.core.filesystem 4 271 2014-05-24 18:13:54.161
!MESSAGE File not found: G:\Users\Dany\Documents\Dropbox\code\dlfarina\junitlearn\TestJUnit\bin\MyObjects\Runner.class.
!STACK 0
java.io.FileNotFoundException: G:\Users\Dany\Documents\Dropbox\code\dlfarina\junitlearn\TestJUnit\bin\MyObjects\Runner.class (The system cannot find the path specified)
	at java.io.FileInputStream.open(Native Method)
	at java.io.FileInputStream.<init>(Unknown Source)
	at org.eclipse.core.internal.filesystem.local.LocalFile.openInputStream(LocalFile.java:368)
	at org.eclipse.core.internal.localstore.FileSystemResourceManager.read(FileSystemResourceManager.java:797)
	at org.eclipse.core.internal.resources.File.getContents(File.java:289)
	at org.eclipse.jdt.internal.core.util.Util.getResourceContentsAsByteArray(Util.java:1133)
	at org.eclipse.jdt.internal.core.builder.IncrementalImageBuilder.writeClassFileCheck(IncrementalImageBuilder.java:889)
	at org.eclipse.jdt.internal.core.builder.IncrementalImageBuilder.writeClassFileContents(IncrementalImageBuilder.java:831)
	at org.eclipse.jdt.internal.core.builder.AbstractImageBuilder.writeClassFile(AbstractImageBuilder.java:859)
	at org.eclipse.jdt.internal.core.builder.AbstractImageBuilder.acceptResult(AbstractImageBuilder.java:190)
	at org.eclipse.jdt.internal.compiler.Compiler.compile(Compiler.java:511)
	at org.eclipse.jdt.internal.core.builder.AbstractImageBuilder.compile(AbstractImageBuilder.java:367)
	at org.eclipse.jdt.internal.core.builder.IncrementalImageBuilder.compile(IncrementalImageBuilder.java:330)
	at org.eclipse.jdt.internal.core.builder.AbstractImageBuilder.compile(AbstractImageBuilder.java:304)
	at org.eclipse.jdt.internal.core.builder.IncrementalImageBuilder.build(IncrementalImageBuilder.java:135)
	at org.eclipse.jdt.internal.core.builder.JavaBuilder.buildDeltas(JavaBuilder.java:266)
	at org.eclipse.jdt.internal.core.builder.JavaBuilder.build(JavaBuilder.java:194)
	at org.eclipse.core.internal.events.BuildManager$2.run(BuildManager.java:733)
	at org.eclipse.core.runtime.SafeRunner.run(SafeRunner.java:42)
	at org.eclipse.core.internal.events.BuildManager.basicBuild(BuildManager.java:206)
	at org.eclipse.core.internal.events.BuildManager.basicBuild(BuildManager.java:246)
	at org.eclipse.core.internal.events.BuildManager$1.run(BuildManager.java:299)
	at org.eclipse.core.runtime.SafeRunner.run(SafeRunner.java:42)
	at org.eclipse.core.internal.events.BuildManager.basicBuild(BuildManager.java:302)
	at org.eclipse.core.internal.events.BuildManager.basicBuildLoop(BuildManager.java:358)
	at org.eclipse.core.internal.events.BuildManager.build(BuildManager.java:381)
	at org.eclipse.core.internal.events.AutoBuildJob.doBuild(AutoBuildJob.java:143)
	at org.eclipse.core.internal.events.AutoBuildJob.run(AutoBuildJob.java:241)
	at org.eclipse.core.internal.jobs.Worker.run(Worker.java:53)

!ENTRY org.eclipse.jdt.core 4 4 2014-05-24 18:13:55.408
!MESSAGE JavaBuilder handling CoreException
!STACK 1
org.eclipse.core.runtime.CoreException: File not found: G:\Users\Dany\Documents\Dropbox\code\dlfarina\junitlearn\TestJUnit\bin\TestJUnit\AssertTests.class.
	at org.eclipse.core.internal.filesystem.Policy.error(Policy.java:55)
	at org.eclipse.core.internal.filesystem.local.LocalFile.openInputStream(LocalFile.java:377)
	at org.eclipse.core.internal.localstore.FileSystemResourceManager.read(FileSystemResourceManager.java:797)
	at org.eclipse.core.internal.resources.File.getContents(File.java:289)
	at org.eclipse.jdt.internal.core.util.Util.getResourceContentsAsByteArray(Util.java:1133)
	at org.eclipse.jdt.internal.core.builder.IncrementalImageBuilder.writeClassFileCheck(IncrementalImageBuilder.java:889)
	at org.eclipse.jdt.internal.core.builder.IncrementalImageBuilder.writeClassFileContents(IncrementalImageBuilder.java:831)
	at org.eclipse.jdt.internal.core.builder.AbstractImageBuilder.writeClassFile(AbstractImageBuilder.java:859)
	at org.eclipse.jdt.internal.core.builder.AbstractImageBuilder.acceptResult(AbstractImageBuilder.java:190)
	at org.eclipse.jdt.internal.compiler.Compiler.compile(Compiler.java:511)
	at org.eclipse.jdt.internal.core.builder.AbstractImageBuilder.compile(AbstractImageBuilder.java:367)
	at org.eclipse.jdt.internal.core.builder.IncrementalImageBuilder.compile(IncrementalImageBuilder.java:330)
	at org.eclipse.jdt.internal.core.builder.AbstractImageBuilder.compile(AbstractImageBuilder.java:304)
	at org.eclipse.jdt.internal.core.builder.IncrementalImageBuilder.build(IncrementalImageBuilder.java:135)
	at org.eclipse.jdt.internal.core.builder.JavaBuilder.buildDeltas(JavaBuilder.java:266)
	at org.eclipse.jdt.internal.core.builder.JavaBuilder.build(JavaBuilder.java:194)
	at org.eclipse.core.internal.events.BuildManager$2.run(BuildManager.java:733)
	at org.eclipse.core.runtime.SafeRunner.run(SafeRunner.java:42)
	at org.eclipse.core.internal.events.BuildManager.basicBuild(BuildManager.java:206)
	at org.eclipse.core.internal.events.BuildManager.basicBuild(BuildManager.java:246)
	at org.eclipse.core.internal.events.BuildManager$1.run(BuildManager.java:299)
	at org.eclipse.core.runtime.SafeRunner.run(SafeRunner.java:42)
	at org.eclipse.core.internal.events.BuildManager.basicBuild(BuildManager.java:302)
	at org.eclipse.core.internal.events.BuildManager.basicBuildLoop(BuildManager.java:358)
	at org.eclipse.core.internal.events.BuildManager.build(BuildManager.java:381)
	at org.eclipse.core.internal.events.AutoBuildJob.doBuild(AutoBuildJob.java:143)
	at org.eclipse.core.internal.events.AutoBuildJob.run(AutoBuildJob.java:241)
	at org.eclipse.core.internal.jobs.Worker.run(Worker.java:53)
Caused by: java.io.FileNotFoundException: G:\Users\Dany\Documents\Dropbox\code\dlfarina\junitlearn\TestJUnit\bin\TestJUnit\AssertTests.class (The system cannot find the file specified)
	at java.io.FileInputStream.open(Native Method)
	at java.io.FileInputStream.<init>(Unknown Source)
	at org.eclipse.core.internal.filesystem.local.LocalFile.openInputStream(LocalFile.java:368)
	... 26 more
!SUBENTRY 1 org.eclipse.core.filesystem 4 271 2014-05-24 18:13:55.408
!MESSAGE File not found: G:\Users\Dany\Documents\Dropbox\code\dlfarina\junitlearn\TestJUnit\bin\TestJUnit\AssertTests.class.
!STACK 0
java.io.FileNotFoundException: G:\Users\Dany\Documents\Dropbox\code\dlfarina\junitlearn\TestJUnit\bin\TestJUnit\AssertTests.class (The system cannot find the file specified)
	at java.io.FileInputStream.open(Native Method)
	at java.io.FileInputStream.<init>(Unknown Source)
	at org.eclipse.core.internal.filesystem.local.LocalFile.openInputStream(LocalFile.java:368)
	at org.eclipse.core.internal.localstore.FileSystemResourceManager.read(FileSystemResourceManager.java:797)
	at org.eclipse.core.internal.resources.File.getContents(File.java:289)
	at org.eclipse.jdt.internal.core.util.Util.getResourceContentsAsByteArray(Util.java:1133)
	at org.eclipse.jdt.internal.core.builder.IncrementalImageBuilder.writeClassFileCheck(IncrementalImageBuilder.java:889)
	at org.eclipse.jdt.internal.core.builder.IncrementalImageBuilder.writeClassFileContents(IncrementalImageBuilder.java:831)
	at org.eclipse.jdt.internal.core.builder.AbstractImageBuilder.writeClassFile(AbstractImageBuilder.java:859)
	at org.eclipse.jdt.internal.core.builder.AbstractImageBuilder.acceptResult(AbstractImageBuilder.java:190)
	at org.eclipse.jdt.internal.compiler.Compiler.compile(Compiler.java:511)
	at org.eclipse.jdt.internal.core.builder.AbstractImageBuilder.compile(AbstractImageBuilder.java:367)
	at org.eclipse.jdt.internal.core.builder.IncrementalImageBuilder.compile(IncrementalImageBuilder.java:330)
	at org.eclipse.jdt.internal.core.builder.AbstractImageBuilder.compile(AbstractImageBuilder.java:304)
	at org.eclipse.jdt.internal.core.builder.IncrementalImageBuilder.build(IncrementalImageBuilder.java:135)
	at org.eclipse.jdt.internal.core.builder.JavaBuilder.buildDeltas(JavaBuilder.java:266)
	at org.eclipse.jdt.internal.core.builder.JavaBuilder.build(JavaBuilder.java:194)
	at org.eclipse.core.internal.events.BuildManager$2.run(BuildManager.java:733)
	at org.eclipse.core.runtime.SafeRunner.run(SafeRunner.java:42)
	at org.eclipse.core.internal.events.BuildManager.basicBuild(BuildManager.java:206)
	at org.eclipse.core.internal.events.BuildManager.basicBuild(BuildManager.java:246)
	at org.eclipse.core.internal.events.BuildManager$1.run(BuildManager.java:299)
	at org.eclipse.core.runtime.SafeRunner.run(SafeRunner.java:42)
	at org.eclipse.core.internal.events.BuildManager.basicBuild(BuildManager.java:302)
	at org.eclipse.core.internal.events.BuildManager.basicBuildLoop(BuildManager.java:358)
	at org.eclipse.core.internal.events.BuildManager.build(BuildManager.java:381)
	at org.eclipse.core.internal.events.AutoBuildJob.doBuild(AutoBuildJob.java:143)
	at org.eclipse.core.internal.events.AutoBuildJob.run(AutoBuildJob.java:241)
	at org.eclipse.core.internal.jobs.Worker.run(Worker.java:53)

!ENTRY org.eclipse.jdt.core 4 4 2014-05-24 18:13:55.418
!MESSAGE JavaBuilder handling CoreException
!STACK 1
org.eclipse.core.runtime.CoreException: File not found: G:\Users\Dany\Documents\Dropbox\code\dlfarina\junitlearn\TestJUnit\bin\TestJUnit\TestCalc.class.
	at org.eclipse.core.internal.filesystem.Policy.error(Policy.java:55)
	at org.eclipse.core.internal.filesystem.local.LocalFile.openInputStream(LocalFile.java:377)
	at org.eclipse.core.internal.localstore.FileSystemResourceManager.read(FileSystemResourceManager.java:797)
	at org.eclipse.core.internal.resources.File.getContents(File.java:289)
	at org.eclipse.jdt.internal.core.util.Util.getResourceContentsAsByteArray(Util.java:1133)
	at org.eclipse.jdt.internal.core.builder.IncrementalImageBuilder.writeClassFileCheck(IncrementalImageBuilder.java:889)
	at org.eclipse.jdt.internal.core.builder.IncrementalImageBuilder.writeClassFileContents(IncrementalImageBuilder.java:831)
	at org.eclipse.jdt.internal.core.builder.AbstractImageBuilder.writeClassFile(AbstractImageBuilder.java:859)
	at org.eclipse.jdt.internal.core.builder.AbstractImageBuilder.acceptResult(AbstractImageBuilder.java:190)
	at org.eclipse.jdt.internal.compiler.Compiler.compile(Compiler.java:511)
	at org.eclipse.jdt.internal.core.builder.AbstractImageBuilder.compile(AbstractImageBuilder.java:367)
	at org.eclipse.jdt.internal.core.builder.IncrementalImageBuilder.compile(IncrementalImageBuilder.java:330)
	at org.eclipse.jdt.internal.core.builder.AbstractImageBuilder.compile(AbstractImageBuilder.java:304)
	at org.eclipse.jdt.internal.core.builder.IncrementalImageBuilder.build(IncrementalImageBuilder.java:135)
	at org.eclipse.jdt.internal.core.builder.JavaBuilder.buildDeltas(JavaBuilder.java:266)
	at org.eclipse.jdt.internal.core.builder.JavaBuilder.build(JavaBuilder.java:194)
	at org.eclipse.core.internal.events.BuildManager$2.run(BuildManager.java:733)
	at org.eclipse.core.runtime.SafeRunner.run(SafeRunner.java:42)
	at org.eclipse.core.internal.events.BuildManager.basicBuild(BuildManager.java:206)
	at org.eclipse.core.internal.events.BuildManager.basicBuild(BuildManager.java:246)
	at org.eclipse.core.internal.events.BuildManager$1.run(BuildManager.java:299)
	at org.eclipse.core.runtime.SafeRunner.run(SafeRunner.java:42)
	at org.eclipse.core.internal.events.BuildManager.basicBuild(BuildManager.java:302)
	at org.eclipse.core.internal.events.BuildManager.basicBuildLoop(BuildManager.java:358)
	at org.eclipse.core.internal.events.BuildManager.build(BuildManager.java:381)
	at org.eclipse.core.internal.events.AutoBuildJob.doBuild(AutoBuildJob.java:143)
	at org.eclipse.core.internal.events.AutoBuildJob.run(AutoBuildJob.java:241)
	at org.eclipse.core.internal.jobs.Worker.run(Worker.java:53)
Caused by: java.io.FileNotFoundException: G:\Users\Dany\Documents\Dropbox\code\dlfarina\junitlearn\TestJUnit\bin\TestJUnit\TestCalc.class (The system cannot find the file specified)
	at java.io.FileInputStream.open(Native Method)
	at java.io.FileInputStream.<init>(Unknown Source)
	at org.eclipse.core.internal.filesystem.local.LocalFile.openInputStream(LocalFile.java:368)
	... 26 more
!SUBENTRY 1 org.eclipse.core.filesystem 4 271 2014-05-24 18:13:55.418
!MESSAGE File not found: G:\Users\Dany\Documents\Dropbox\code\dlfarina\junitlearn\TestJUnit\bin\TestJUnit\TestCalc.class.
!STACK 0
java.io.FileNotFoundException: G:\Users\Dany\Documents\Dropbox\code\dlfarina\junitlearn\TestJUnit\bin\TestJUnit\TestCalc.class (The system cannot find the file specified)
	at java.io.FileInputStream.open(Native Method)
	at java.io.FileInputStream.<init>(Unknown Source)
	at org.eclipse.core.internal.filesystem.local.LocalFile.openInputStream(LocalFile.java:368)
	at org.eclipse.core.internal.localstore.FileSystemResourceManager.read(FileSystemResourceManager.java:797)
	at org.eclipse.core.internal.resources.File.getContents(File.java:289)
	at org.eclipse.jdt.internal.core.util.Util.getResourceContentsAsByteArray(Util.java:1133)
	at org.eclipse.jdt.internal.core.builder.IncrementalImageBuilder.writeClassFileCheck(IncrementalImageBuilder.java:889)
	at org.eclipse.jdt.internal.core.builder.IncrementalImageBuilder.writeClassFileContents(IncrementalImageBuilder.java:831)
	at org.eclipse.jdt.internal.core.builder.AbstractImageBuilder.writeClassFile(AbstractImageBuilder.java:859)
	at org.eclipse.jdt.internal.core.builder.AbstractImageBuilder.acceptResult(AbstractImageBuilder.java:190)
	at org.eclipse.jdt.internal.compiler.Compiler.compile(Compiler.java:511)
	at org.eclipse.jdt.internal.core.builder.AbstractImageBuilder.compile(AbstractImageBuilder.java:367)
	at org.eclipse.jdt.internal.core.builder.IncrementalImageBuilder.compile(IncrementalImageBuilder.java:330)
	at org.eclipse.jdt.internal.core.builder.AbstractImageBuilder.compile(AbstractImageBuilder.java:304)
	at org.eclipse.jdt.internal.core.builder.IncrementalImageBuilder.build(IncrementalImageBuilder.java:135)
	at org.eclipse.jdt.internal.core.builder.JavaBuilder.buildDeltas(JavaBuilder.java:266)
	at org.eclipse.jdt.internal.core.builder.JavaBuilder.build(JavaBuilder.java:194)
	at org.eclipse.core.internal.events.BuildManager$2.run(BuildManager.java:733)
	at org.eclipse.core.runtime.SafeRunner.run(SafeRunner.java:42)
	at org.eclipse.core.internal.events.BuildManager.basicBuild(BuildManager.java:206)
	at org.eclipse.core.internal.events.BuildManager.basicBuild(BuildManager.java:246)
	at org.eclipse.core.internal.events.BuildManager$1.run(BuildManager.java:299)
	at org.eclipse.core.runtime.SafeRunner.run(SafeRunner.java:42)
	at org.eclipse.core.internal.events.BuildManager.basicBuild(BuildManager.java:302)
	at org.eclipse.core.internal.events.BuildManager.basicBuildLoop(BuildManager.java:358)
	at org.eclipse.core.internal.events.BuildManager.build(BuildManager.java:381)
	at org.eclipse.core.internal.events.AutoBuildJob.doBuild(AutoBuildJob.java:143)
	at org.eclipse.core.internal.events.AutoBuildJob.run(AutoBuildJob.java:241)
	at org.eclipse.core.internal.jobs.Worker.run(Worker.java:53)

!ENTRY org.eclipse.egit.ui 2 0 2014-05-24 18:14:08.184
!MESSAGE Warning: The environment variable HOME is not set. The following directory will be used to store the Git
user global configuration and to define the default location to store repositories: 'C:\Users\Dany'. If this is
not correct please set the HOME environment variable and restart Eclipse. Otherwise Git for Windows and
EGit might behave differently since they see different configuration options.
This warning can be switched off on the Team > Git > Confirmations and Warnings preference page.
